# JRE version: OpenJDK Runtime Environment Homebrew (11.0.25) (build 11.0.25+0)
# Java VM: OpenJDK 64-Bit Server VM Homebrew (11.0.25+0, mixed mode, tiered, compressed oops, g1 gc, bsd-aarch64)
Heap:
 garbage-first heap   total 157696K, used 108956K [0x0000000780000000, 0x00000007c0000000)
  region size 1024K, 61 young (62464K), 7 survivors (7168K)
 Metaspace       used 110857K, capacity 114191K, committed 114320K, reserved 1146880K
  class space    used 14912K, capacity 16608K, committed 16640K, reserved 1048576K
GC Heap History (20 events):
Event: 6.455 GC heap before
{Heap before GC invocations=17 (full 0):
 garbage-first heap   total 157696K, used 123790K [0x0000000780000000, 0x00000007c0000000)
  region size 1024K, 82 young (83968K), 7 survivors (7168K)
 Metaspace       used 77807K, capacity 79858K, committed 80096K, reserved 1118208K
  class space    used 10189K, capacity 11220K, committed 11264K, reserved 1048576K
}
Event: 6.458 GC heap after
{Heap after GC invocations=18 (full 0):
 garbage-first heap   total 157696K, used 47112K [0x0000000780000000, 0x00000007c0000000)
  region size 1024K, 4 young (4096K), 4 survivors (4096K)
 Metaspace       used 77807K, capacity 79858K, committed 80096K, reserved 1118208K
  class space    used 10189K, capacity 11220K, committed 11264K, reserved 1048576K
}
Event: 7.170 GC heap before
{Heap before GC invocations=18 (full 0):
 garbage-first heap   total 157696K, used 124936K [0x0000000780000000, 0x00000007c0000000)
  region size 1024K, 80 young (81920K), 4 survivors (4096K)
 Metaspace       used 82370K, capacity 84489K, committed 84832K, reserved 1122304K
  class space    used 10746K, capacity 11781K, committed 11904K, reserved 1048576K
}
Event: 7.175 GC heap after
{Heap after GC invocations=19 (full 0):
 garbage-first heap   total 157696K, used 48238K [0x0000000780000000, 0x00000007c0000000)
  region size 1024K, 6 young (6144K), 6 survivors (6144K)
 Metaspace       used 82370K, capacity 84489K, committed 84832K, reserved 1122304K
  class space    used 10746K, capacity 11781K, committed 11904K, reserved 1048576K
}
Event: 7.545 GC heap before
{Heap before GC invocations=19 (full 0):
 garbage-first heap   total 157696K, used 126062K [0x0000000780000000, 0x00000007c0000000)
  region size 1024K, 82 young (83968K), 6 survivors (6144K)
 Metaspace       used 91668K, capacity 94130K, committed 94432K, reserved 1130496K
  class space    used 12203K, capacity 13469K, committed 13568K, reserved 1048576K
}
Event: 7.549 GC heap after
{Heap after GC invocations=20 (full 0):
 garbage-first heap   total 157696K, used 50622K [0x0000000780000000, 0x00000007c0000000)
  region size 1024K, 8 young (8192K), 8 survivors (8192K)
 Metaspace       used 91668K, capacity 94130K, committed 94432K, reserved 1130496K
  class space    used 12203K, capacity 13469K, committed 13568K, reserved 1048576K
}
Event: 7.749 GC heap before
{Heap before GC invocations=20 (full 0):
 garbage-first heap   total 157696K, used 76222K [0x0000000780000000, 0x00000007c0000000)
  region size 1024K, 34 young (34816K), 8 survivors (8192K)
 Metaspace       used 96734K, capacity 99556K, committed 99680K, reserved 1134592K
  class space    used 12895K, capacity 14350K, committed 14464K, reserved 1048576K
}
Event: 7.754 GC heap after
{Heap after GC invocations=21 (full 0):
 garbage-first heap   total 157696K, used 51809K [0x0000000780000000, 0x00000007c0000000)
  region size 1024K, 6 young (6144K), 6 survivors (6144K)
 Metaspace       used 96734K, capacity 99556K, committed 99680K, reserved 1134592K
  class space    used 12895K, capacity 14350K, committed 14464K, reserved 1048576K
}
Event: 7.979 GC heap before
{Heap before GC invocations=22 (full 0):
 garbage-first heap   total 157696K, used 128609K [0x0000000780000000, 0x00000007c0000000)
  region size 1024K, 81 young (82944K), 6 survivors (6144K)
 Metaspace       used 101381K, capacity 104607K, committed 104848K, reserved 1138688K
  class space    used 13659K, capacity 15277K, committed 15360K, reserved 1048576K
}
Event: 7.982 GC heap after
{Heap after GC invocations=23 (full 0):
 garbage-first heap   total 157696K, used 52030K [0x0000000780000000, 0x00000007c0000000)
  region size 1024K, 6 young (6144K), 6 survivors (6144K)
 Metaspace       used 101381K, capacity 104607K, committed 104848K, reserved 1138688K
  class space    used 13659K, capacity 15277K, committed 15360K, reserved 1048576K
}
Event: 8.549 GC heap before
{Heap before GC invocations=23 (full 0):
 garbage-first heap   total 157696K, used 129854K [0x0000000780000000, 0x00000007c0000000)
  region size 1024K, 82 young (83968K), 6 survivors (6144K)
 Metaspace       used 102863K, capacity 106047K, committed 106256K, reserved 1140736K
  class space    used 13837K, capacity 15437K, committed 15488K, reserved 1048576K
}
Event: 8.552 GC heap after
{Heap after GC invocations=24 (full 0):
 garbage-first heap   total 157696K, used 52571K [0x0000000780000000, 0x00000007c0000000)
  region size 1024K, 6 young (6144K), 6 survivors (6144K)
 Metaspace       used 102863K, capacity 106047K, committed 106256K, reserved 1140736K
  class space    used 13837K, capacity 15437K, committed 15488K, reserved 1048576K
}
Event: 8.659 GC heap before
{Heap before GC invocations=24 (full 0):
 garbage-first heap   total 157696K, used 131419K [0x0000000780000000, 0x00000007c0000000)
  region size 1024K, 83 young (84992K), 6 survivors (6144K)
 Metaspace       used 104900K, capacity 108063K, committed 108304K, reserved 1142784K
  class space    used 14105K, capacity 15725K, committed 15744K, reserved 1048576K
}
Event: 8.661 GC heap after
{Heap after GC invocations=25 (full 0):
 garbage-first heap   total 157696K, used 53127K [0x0000000780000000, 0x00000007c0000000)
  region size 1024K, 7 young (7168K), 7 survivors (7168K)
 Metaspace       used 104900K, capacity 108063K, committed 108304K, reserved 1142784K
  class space    used 14105K, capacity 15725K, committed 15744K, reserved 1048576K
}
Event: 8.751 GC heap before
{Heap before GC invocations=25 (full 0):
 garbage-first heap   total 157696K, used 131975K [0x0000000780000000, 0x00000007c0000000)
  region size 1024K, 84 young (86016K), 7 survivors (7168K)
 Metaspace       used 106122K, capacity 109314K, committed 109584K, reserved 1142784K
  class space    used 14283K, capacity 15886K, committed 16000K, reserved 1048576K
}
Event: 8.754 GC heap after
{Heap after GC invocations=26 (full 0):
 garbage-first heap   total 157696K, used 53297K [0x0000000780000000, 0x00000007c0000000)
  region size 1024K, 6 young (6144K), 6 survivors (6144K)
 Metaspace       used 106122K, capacity 109314K, committed 109584K, reserved 1142784K
  class space    used 14283K, capacity 15886K, committed 16000K, reserved 1048576K
}
Event: 9.001 GC heap before
{Heap before GC invocations=26 (full 0):
 garbage-first heap   total 157696K, used 132145K [0x0000000780000000, 0x00000007c0000000)
  region size 1024K, 83 young (84992K), 6 survivors (6144K)
 Metaspace       used 108305K, capacity 111573K, committed 111760K, reserved 1144832K
  class space    used 14600K, capacity 16270K, committed 16384K, reserved 1048576K
}
Event: 9.004 GC heap after
{Heap after GC invocations=27 (full 0):
 garbage-first heap   total 157696K, used 53824K [0x0000000780000000, 0x00000007c0000000)
  region size 1024K, 6 young (6144K), 6 survivors (6144K)
 Metaspace       used 108305K, capacity 111573K, committed 111760K, reserved 1144832K
  class space    used 14600K, capacity 16270K, committed 16384K, reserved 1048576K
}
Event: 9.141 GC heap before
{Heap before GC invocations=27 (full 0):
 garbage-first heap   total 157696K, used 133696K [0x0000000780000000, 0x00000007c0000000)
  region size 1024K, 84 young (86016K), 6 survivors (6144K)
 Metaspace       used 109811K, capacity 113167K, committed 113424K, reserved 1146880K
  class space    used 14787K, capacity 16480K, committed 16512K, reserved 1048576K
}
Event: 9.144 GC heap after
{Heap after GC invocations=28 (full 0):
 garbage-first heap   total 157696K, used 54684K [0x0000000780000000, 0x00000007c0000000)
  region size 1024K, 7 young (7168K), 7 survivors (7168K)
 Metaspace       used 109811K, capacity 113167K, committed 113424K, reserved 1146880K
  class space    used 14787K, capacity 16480K, committed 16512K, reserved 1048576K
}

